
Showing logs for build [32mcb-kubecd-environment-pr-1465-1-nn8jl-1[0m stage [32mfrom-build-pack[0m and container [32mstep-credential-initializer-lqwxt[0m
{"level":"info","ts":1588667687.4195385,"logger":"fallback-logger","caller":"logging/config.go:69","msg":"Fetch GitHub commit ID from kodata failed: open /var/run/ko/refs/heads/0.8.0-ns-support: no such file or directory"}
{"level":"info","ts":1588667687.4202867,"logger":"fallback-logger","caller":"creds-init/main.go:40","msg":"Credentials initialized."}

Showing logs for build [32mcb-kubecd-environment-pr-1465-1-nn8jl-1[0m stage [32mfrom-build-pack[0m and container [32mstep-working-dir-initializer-dgk4q[0m
{"level":"info","ts":1588667688.5508015,"logger":"fallback-logger","caller":"logging/config.go:69","msg":"Fetch GitHub commit ID from kodata failed: open /var/run/ko/HEAD: no such file or directory"}
{"level":"info","ts":1588667688.555807,"logger":"fallback-logger","caller":"bash/main.go:64","msg":"Successfully executed command \"sh -c mkdir -p /workspace/source\"; output "}

Showing logs for build [32mcb-kubecd-environment-pr-1465-1-nn8jl-1[0m stage [32mfrom-build-pack[0m and container [32mstep-place-tools[0m

Showing logs for build [32mcb-kubecd-environment-pr-1465-1-nn8jl-1[0m stage [32mfrom-build-pack[0m and container [32mstep-git-source-cb-kubecd-environment-pr-1465-1-nn8jl-gqlc7[0m
{"level":"info","ts":1588667695.0517898,"logger":"fallback-logger","caller":"logging/config.go:69","msg":"Fetch GitHub commit ID from kodata failed: open /var/run/ko/refs/heads/0.8.0-ns-support: no such file or directory"}
{"level":"info","ts":1588667696.1234756,"logger":"fallback-logger","caller":"git/git.go:103","msg":"Successfully cloned https://github.com/cb-kubecd/environment-pr-1465-11-bdd-frontend-staging.git @ master in path /workspace/source"}

Showing logs for build [32mcb-kubecd-environment-pr-1465-1-nn8jl-1[0m stage [32mfrom-build-pack[0m and container [32mstep-git-merge[0m
Using SHAs from PULL_REFS=master:152b3aaa1e60c85f226a28f56fc0f2fb0bbc20d5,1:ca334b6caaddf4ccbd980e3276cd6f40bf0325d9
DEBUG: LC_ALL=C JX_LOG_LEVEL=error git fetch origin --unshallow ca334b6caaddf4ccbd980e3276cd6f40bf0325d9: 152b3aaa1e60c85f226a28f56fc0f2fb0bbc20d5:
DEBUG: ran git fetch --unshallow origin ca334b6caaddf4ccbd980e3276cd6f40bf0325d9: 152b3aaa1e60c85f226a28f56fc0f2fb0bbc20d5: in 
DEBUG: LC_ALL=C JX_LOG_LEVEL=error git branch
DEBUG: LC_ALL=C JX_LOG_LEVEL=error git checkout master
DEBUG: ran git checkout master in 
DEBUG: LC_ALL=C JX_LOG_LEVEL=error git reset --hard 152b3aaa1e60c85f226a28f56fc0f2fb0bbc20d5
DEBUG: ran git reset --hard 152b3aaa1e60c85f226a28f56fc0f2fb0bbc20d5 in 
DEBUG: LC_ALL=C JX_LOG_LEVEL=error git clean -fd .
DEBUG: ran clean --force -d . in 
DEBUG: LC_ALL=C JX_LOG_LEVEL=error git merge ca334b6caaddf4ccbd980e3276cd6f40bf0325d9
DEBUG: ran git merge ca334b6caaddf4ccbd980e3276cd6f40bf0325d9 in 
DEBUG: LC_ALL=C JX_LOG_LEVEL=error git log --format=%H%x1f%an%x1f%ae%x1f%cn%x1f%ce%x1f%s%n%b%x1e 152b3aaa1e60c85f226a28f56fc0f2fb0bbc20d5..HEAD
Merged SHA ca334b6caaddf4ccbd980e3276cd6f40bf0325d9 with commit message 'chore: Promote bdd-nh-1588666603 to version 0.0.1' into base branch master

Showing logs for build [32mcb-kubecd-environment-pr-1465-1-nn8jl-1[0m stage [32mfrom-build-pack[0m and container [32mstep-build-helm-build[0m
WARNING: No $CHART_REPOSITORY defined so using the default value of: http://jenkins-x-chartmuseum:8080
Adding missing Helm repo: storage.googleapis.com https://storage.googleapis.com/chartmuseum.jenkins-x.io
WARNING: No secrets found on "helm/repos" due: reading the secret "helm/repos" from vault: no secret "helm/repos" not found in vault
Read credentials for https://storage.googleapis.com/chartmuseum.jenkins-x.io from vault helm/repos
Successfully added Helm repository storage.googleapis.com.
Adding missing Helm repo: jenkins-x-chartmuseum http://jenkins-x-chartmuseum:8080
WARNING: No secrets found on "helm/repos" due: reading the secret "helm/repos" from vault: no secret "helm/repos" not found in vault
Read credentials for http://jenkins-x-chartmuseum:8080 from vault helm/repos
Successfully added Helm repository jenkins-x-chartmuseum.
WARNING: No $CHART_REPOSITORY defined so using the default value of: http://jenkins-x-chartmuseum:8080
Adding missing Helm repo: chartmuseum.jenkins-x.io http://chartmuseum.jenkins-x.io
WARNING: No secrets found on "helm/repos" due: reading the secret "helm/repos" from vault: no secret "helm/repos" not found in vault
Read credentials for http://chartmuseum.jenkins-x.io from vault helm/repos
Successfully added Helm repository chartmuseum.jenkins-x.io.
